<?xml version="1.0" encoding="UTF-8"?>
<testng-results skipped="0" failed="4" ignored="0" total="20" passed="16">
  <reporter-output>
  </reporter-output>
  <suite name="TestSuite" duration-ms="1800987" started-at="2018-12-17T20:29:40Z" finished-at="2018-12-17T20:59:41Z">
    <groups>
    </groups>
    <test name="ChromeTest" duration-ms="963724" started-at="2018-12-17T20:29:40Z" finished-at="2018-12-17T20:45:44Z">
      <class name="infoColeTest.ComentarioTest">
        <test-method status="PASS" signature="openBrowser(java.lang.String)[pri:0, instance:infoColeTest.ComentarioTest@3e6fa38a]" name="openBrowser" is-config="true" duration-ms="87224" started-at="2018-12-17T17:29:40Z" finished-at="2018-12-17T17:31:08Z">
          <params>
            <param index="0">
              <value>
                <![CDATA[Chrome]]>
              </value>
            </param>
          </params>
          <reporter-output>
          </reporter-output>
        </test-method> <!-- openBrowser -->
        <test-method status="PASS" signature="authenticationAdmin()[pri:0, instance:infoColeTest.ComentarioTest@3e6fa38a]" name="authenticationAdmin" duration-ms="6168" started-at="2018-12-17T17:31:08Z" finished-at="2018-12-17T17:31:14Z">
          <reporter-output>
          </reporter-output>
        </test-method> <!-- authenticationAdmin -->
        <test-method status="PASS" signature="cerrarNavegador()[pri:0, instance:infoColeTest.ComentarioTest@3e6fa38a]" name="cerrarNavegador" is-config="true" duration-ms="1325" started-at="2018-12-17T17:31:14Z" finished-at="2018-12-17T17:31:15Z">
          <reporter-output>
          </reporter-output>
        </test-method> <!-- cerrarNavegador -->
        <test-method status="PASS" signature="openBrowser(java.lang.String)[pri:0, instance:infoColeTest.ComentarioTest@3e6fa38a]" name="openBrowser" is-config="true" duration-ms="97762" started-at="2018-12-17T17:31:15Z" finished-at="2018-12-17T17:32:53Z">
          <params>
            <param index="0">
              <value>
                <![CDATA[Chrome]]>
              </value>
            </param>
          </params>
          <reporter-output>
          </reporter-output>
        </test-method> <!-- openBrowser -->
        <test-method status="PASS" signature="authenticationUser()[pri:0, instance:infoColeTest.ComentarioTest@3e6fa38a]" name="authenticationUser" duration-ms="13195" started-at="2018-12-17T17:32:53Z" finished-at="2018-12-17T17:33:06Z">
          <reporter-output>
          </reporter-output>
        </test-method> <!-- authenticationUser -->
        <test-method status="PASS" signature="cerrarNavegador()[pri:0, instance:infoColeTest.ComentarioTest@3e6fa38a]" name="cerrarNavegador" is-config="true" duration-ms="1553" started-at="2018-12-17T17:33:06Z" finished-at="2018-12-17T17:33:08Z">
          <reporter-output>
          </reporter-output>
        </test-method> <!-- cerrarNavegador -->
        <test-method status="PASS" signature="openBrowser(java.lang.String)[pri:0, instance:infoColeTest.ComentarioTest@3e6fa38a]" name="openBrowser" is-config="true" duration-ms="78074" started-at="2018-12-17T17:33:08Z" finished-at="2018-12-17T17:34:26Z">
          <params>
            <param index="0">
              <value>
                <![CDATA[Chrome]]>
              </value>
            </param>
          </params>
          <reporter-output>
          </reporter-output>
        </test-method> <!-- openBrowser -->
        <test-method status="PASS" signature="authenticationUserWithoutEmail()[pri:0, instance:infoColeTest.ComentarioTest@3e6fa38a]" name="authenticationUserWithoutEmail" duration-ms="4554" started-at="2018-12-17T17:34:26Z" finished-at="2018-12-17T17:34:30Z">
          <reporter-output>
          </reporter-output>
        </test-method> <!-- authenticationUserWithoutEmail -->
        <test-method status="PASS" signature="cerrarNavegador()[pri:0, instance:infoColeTest.ComentarioTest@3e6fa38a]" name="cerrarNavegador" is-config="true" duration-ms="1370" started-at="2018-12-17T17:34:30Z" finished-at="2018-12-17T17:34:32Z">
          <reporter-output>
          </reporter-output>
        </test-method> <!-- cerrarNavegador -->
        <test-method status="PASS" signature="openBrowser(java.lang.String)[pri:0, instance:infoColeTest.ComentarioTest@3e6fa38a]" name="openBrowser" is-config="true" duration-ms="73709" started-at="2018-12-17T17:34:32Z" finished-at="2018-12-17T17:35:45Z">
          <params>
            <param index="0">
              <value>
                <![CDATA[Chrome]]>
              </value>
            </param>
          </params>
          <reporter-output>
          </reporter-output>
        </test-method> <!-- openBrowser -->
        <test-method status="PASS" signature="authenticationUserWithoutUserName()[pri:0, instance:infoColeTest.ComentarioTest@3e6fa38a]" name="authenticationUserWithoutUserName" duration-ms="5292" started-at="2018-12-17T17:35:45Z" finished-at="2018-12-17T17:35:51Z">
          <reporter-output>
          </reporter-output>
        </test-method> <!-- authenticationUserWithoutUserName -->
        <test-method status="PASS" signature="cerrarNavegador()[pri:0, instance:infoColeTest.ComentarioTest@3e6fa38a]" name="cerrarNavegador" is-config="true" duration-ms="1524" started-at="2018-12-17T17:35:51Z" finished-at="2018-12-17T17:35:52Z">
          <reporter-output>
          </reporter-output>
        </test-method> <!-- cerrarNavegador -->
        <test-method status="PASS" signature="openBrowser(java.lang.String)[pri:0, instance:infoColeTest.ComentarioTest@3e6fa38a]" name="openBrowser" is-config="true" duration-ms="60309" started-at="2018-12-17T17:35:52Z" finished-at="2018-12-17T17:36:52Z">
          <params>
            <param index="0">
              <value>
                <![CDATA[Chrome]]>
              </value>
            </param>
          </params>
          <reporter-output>
          </reporter-output>
        </test-method> <!-- openBrowser -->
        <test-method status="PASS" signature="createNews()[pri:0, instance:infoColeTest.ComentarioTest@3e6fa38a]" name="createNews" duration-ms="53885" started-at="2018-12-17T17:36:52Z" depends-on-methods="infoColeTest.ComentarioTest.authenticationAdmin" finished-at="2018-12-17T17:37:46Z">
          <reporter-output>
          </reporter-output>
        </test-method> <!-- createNews -->
        <test-method status="PASS" signature="cerrarNavegador()[pri:0, instance:infoColeTest.ComentarioTest@3e6fa38a]" name="cerrarNavegador" is-config="true" duration-ms="1892" started-at="2018-12-17T17:37:46Z" finished-at="2018-12-17T17:37:48Z">
          <reporter-output>
          </reporter-output>
        </test-method> <!-- cerrarNavegador -->
        <test-method status="PASS" signature="openBrowser(java.lang.String)[pri:0, instance:infoColeTest.ComentarioTest@3e6fa38a]" name="openBrowser" is-config="true" duration-ms="72737" started-at="2018-12-17T17:37:48Z" finished-at="2018-12-17T17:39:01Z">
          <params>
            <param index="0">
              <value>
                <![CDATA[Chrome]]>
              </value>
            </param>
          </params>
          <reporter-output>
          </reporter-output>
        </test-method> <!-- openBrowser -->
        <test-method status="PASS" signature="deleteUser()[pri:0, instance:infoColeTest.ComentarioTest@3e6fa38a]" name="deleteUser" duration-ms="11732" started-at="2018-12-17T17:39:01Z" depends-on-methods="infoColeTest.ComentarioTest.authenticationAdmin" finished-at="2018-12-17T17:39:13Z">
          <reporter-output>
          </reporter-output>
        </test-method> <!-- deleteUser -->
        <test-method status="PASS" signature="cerrarNavegador()[pri:0, instance:infoColeTest.ComentarioTest@3e6fa38a]" name="cerrarNavegador" is-config="true" duration-ms="1374" started-at="2018-12-17T17:39:13Z" finished-at="2018-12-17T17:39:14Z">
          <reporter-output>
          </reporter-output>
        </test-method> <!-- cerrarNavegador -->
        <test-method status="PASS" signature="openBrowser(java.lang.String)[pri:0, instance:infoColeTest.ComentarioTest@3e6fa38a]" name="openBrowser" is-config="true" duration-ms="69941" started-at="2018-12-17T17:39:14Z" finished-at="2018-12-17T17:40:24Z">
          <params>
            <param index="0">
              <value>
                <![CDATA[Chrome]]>
              </value>
            </param>
          </params>
          <reporter-output>
          </reporter-output>
        </test-method> <!-- openBrowser -->
        <test-method status="PASS" signature="createComments()[pri:0, instance:infoColeTest.ComentarioTest@3e6fa38a]" name="createComments" duration-ms="23817" started-at="2018-12-17T17:40:24Z" depends-on-methods="infoColeTest.ComentarioTest.authenticationUser" finished-at="2018-12-17T17:40:48Z">
          <reporter-output>
          </reporter-output>
        </test-method> <!-- createComments -->
        <test-method status="PASS" signature="cerrarNavegador()[pri:0, instance:infoColeTest.ComentarioTest@3e6fa38a]" name="cerrarNavegador" is-config="true" duration-ms="1689" started-at="2018-12-17T17:40:48Z" finished-at="2018-12-17T17:40:50Z">
          <reporter-output>
          </reporter-output>
        </test-method> <!-- cerrarNavegador -->
        <test-method status="PASS" signature="openBrowser(java.lang.String)[pri:0, instance:infoColeTest.ComentarioTest@3e6fa38a]" name="openBrowser" is-config="true" duration-ms="81508" started-at="2018-12-17T17:40:50Z" finished-at="2018-12-17T17:42:11Z">
          <params>
            <param index="0">
              <value>
                <![CDATA[Chrome]]>
              </value>
            </param>
          </params>
          <reporter-output>
          </reporter-output>
        </test-method> <!-- openBrowser -->
        <test-method status="FAIL" signature="deleteComment()[pri:0, instance:infoColeTest.ComentarioTest@3e6fa38a]" name="deleteComment" duration-ms="14382" started-at="2018-12-17T17:42:11Z" depends-on-methods="infoColeTest.ComentarioTest.createComments" finished-at="2018-12-17T17:42:25Z">
          <exception class="java.lang.AssertionError">
            <message>
              <![CDATA[expected [usuarioHSWd comentario de prueba Editado] but found [usuarioHSWd comentario de prueba]]]>
            </message>
            <full-stacktrace>
              <![CDATA[java.lang.AssertionError: expected [usuarioHSWd comentario de prueba Editado] but found [usuarioHSWd comentario de prueba]
	at org.testng.Assert.fail(Assert.java:93)
	at org.testng.Assert.failNotEquals(Assert.java:512)
	at org.testng.Assert.assertEqualsImpl(Assert.java:134)
	at org.testng.Assert.assertEquals(Assert.java:115)
	at org.testng.Assert.assertEquals(Assert.java:189)
	at org.testng.Assert.assertEquals(Assert.java:199)
	at infoColeTest.ComentarioTest.deleteComment(ComentarioTest.java:113)
	at sun.reflect.NativeMethodAccessorImpl.invoke0(Native Method)
	at sun.reflect.NativeMethodAccessorImpl.invoke(NativeMethodAccessorImpl.java:62)
	at sun.reflect.DelegatingMethodAccessorImpl.invoke(DelegatingMethodAccessorImpl.java:43)
	at java.lang.reflect.Method.invoke(Method.java:498)
	at org.testng.internal.MethodInvocationHelper.invokeMethod(MethodInvocationHelper.java:108)
	at org.testng.internal.Invoker.invokeMethod(Invoker.java:661)
	at org.testng.internal.Invoker.invokeTestMethod(Invoker.java:869)
	at org.testng.internal.Invoker.invokeTestMethods(Invoker.java:1193)
	at org.testng.internal.TestMethodWorker.invokeTestMethods(TestMethodWorker.java:126)
	at org.testng.internal.TestMethodWorker.run(TestMethodWorker.java:109)
	at java.util.concurrent.ThreadPoolExecutor.runWorker(ThreadPoolExecutor.java:1149)
	at java.util.concurrent.ThreadPoolExecutor$Worker.run(ThreadPoolExecutor.java:624)
	at java.lang.Thread.run(Thread.java:748)
]]>
            </full-stacktrace>
          </exception> <!-- java.lang.AssertionError -->
          <reporter-output>
          </reporter-output>
        </test-method> <!-- deleteComment -->
        <test-method status="PASS" signature="cerrarNavegador()[pri:0, instance:infoColeTest.ComentarioTest@3e6fa38a]" name="cerrarNavegador" is-config="true" duration-ms="1634" started-at="2018-12-17T17:42:25Z" finished-at="2018-12-17T17:42:27Z">
          <reporter-output>
          </reporter-output>
        </test-method> <!-- cerrarNavegador -->
        <test-method status="PASS" signature="openBrowser(java.lang.String)[pri:0, instance:infoColeTest.ComentarioTest@3e6fa38a]" name="openBrowser" is-config="true" duration-ms="70196" started-at="2018-12-17T17:42:27Z" finished-at="2018-12-17T17:43:37Z">
          <params>
            <param index="0">
              <value>
                <![CDATA[Chrome]]>
              </value>
            </param>
          </params>
          <reporter-output>
          </reporter-output>
        </test-method> <!-- openBrowser -->
        <test-method status="FAIL" signature="editComment()[pri:0, instance:infoColeTest.ComentarioTest@3e6fa38a]" name="editComment" duration-ms="21462" started-at="2018-12-17T17:43:37Z" depends-on-methods="infoColeTest.ComentarioTest.createComments" finished-at="2018-12-17T17:43:59Z">
          <exception class="java.lang.AssertionError">
            <message>
              <![CDATA[expected [usuarioHSWd comentario de prueba Editado] but found [usuarioHSWd comentario de prueba]]]>
            </message>
            <full-stacktrace>
              <![CDATA[java.lang.AssertionError: expected [usuarioHSWd comentario de prueba Editado] but found [usuarioHSWd comentario de prueba]
	at org.testng.Assert.fail(Assert.java:93)
	at org.testng.Assert.failNotEquals(Assert.java:512)
	at org.testng.Assert.assertEqualsImpl(Assert.java:134)
	at org.testng.Assert.assertEquals(Assert.java:115)
	at org.testng.Assert.assertEquals(Assert.java:189)
	at org.testng.Assert.assertEquals(Assert.java:199)
	at infoColeTest.ComentarioTest.editComment(ComentarioTest.java:100)
	at sun.reflect.NativeMethodAccessorImpl.invoke0(Native Method)
	at sun.reflect.NativeMethodAccessorImpl.invoke(NativeMethodAccessorImpl.java:62)
	at sun.reflect.DelegatingMethodAccessorImpl.invoke(DelegatingMethodAccessorImpl.java:43)
	at java.lang.reflect.Method.invoke(Method.java:498)
	at org.testng.internal.MethodInvocationHelper.invokeMethod(MethodInvocationHelper.java:108)
	at org.testng.internal.Invoker.invokeMethod(Invoker.java:661)
	at org.testng.internal.Invoker.invokeTestMethod(Invoker.java:869)
	at org.testng.internal.Invoker.invokeTestMethods(Invoker.java:1193)
	at org.testng.internal.TestMethodWorker.invokeTestMethods(TestMethodWorker.java:126)
	at org.testng.internal.TestMethodWorker.run(TestMethodWorker.java:109)
	at java.util.concurrent.ThreadPoolExecutor.runWorker(ThreadPoolExecutor.java:1149)
	at java.util.concurrent.ThreadPoolExecutor$Worker.run(ThreadPoolExecutor.java:624)
	at java.lang.Thread.run(Thread.java:748)
]]>
            </full-stacktrace>
          </exception> <!-- java.lang.AssertionError -->
          <reporter-output>
          </reporter-output>
        </test-method> <!-- editComment -->
        <test-method status="PASS" signature="cerrarNavegador()[pri:0, instance:infoColeTest.ComentarioTest@3e6fa38a]" name="cerrarNavegador" is-config="true" duration-ms="1343" started-at="2018-12-17T17:43:59Z" finished-at="2018-12-17T17:44:00Z">
          <reporter-output>
          </reporter-output>
        </test-method> <!-- cerrarNavegador -->
        <test-method status="PASS" signature="openBrowser(java.lang.String)[pri:0, instance:infoColeTest.ComentarioTest@3e6fa38a]" name="openBrowser" is-config="true" duration-ms="58977" started-at="2018-12-17T17:44:00Z" finished-at="2018-12-17T17:44:59Z">
          <params>
            <param index="0">
              <value>
                <![CDATA[Chrome]]>
              </value>
            </param>
          </params>
          <reporter-output>
          </reporter-output>
        </test-method> <!-- openBrowser -->
        <test-method status="FAIL" signature="editNews()[pri:0, instance:infoColeTest.ComentarioTest@3e6fa38a]" name="editNews" duration-ms="10154" started-at="2018-12-17T17:44:59Z" depends-on-methods="infoColeTest.ComentarioTest.createNews" finished-at="2018-12-17T17:45:09Z">
          <exception class="org.openqa.selenium.NoSuchElementException">
            <message>
              <![CDATA[no such element: Unable to locate element: {"method":"link text","selector":"Noticias"}
  (Session info: chrome=71.0.3578.98)
  (Driver info: chromedriver=70.0.3538.16 (16ed95b41bb05e565b11fb66ac33c660b721f778),platform=Windows NT 10.0.17134 x86_64) (WARNING: The server did not provide any stacktrace information)
Command duration or timeout: 0 milliseconds
For documentation on this error, please visit: http://seleniumhq.org/exceptions/no_such_element.html
Build info: version: '3.14.0', revision: 'aacccce0', time: '2018-08-02T20:19:58.91Z'
System info: host: 'DESKTOP-18CQLR4', ip: '192.168.0.109', os.name: 'Windows 10', os.arch: 'amd64', os.version: '10.0', java.version: '1.8.0_171'
Driver info: org.openqa.selenium.chrome.ChromeDriver
Capabilities {acceptInsecureCerts: false, acceptSslCerts: false, applicationCacheEnabled: false, browserConnectionEnabled: false, browserName: chrome, chrome: {chromedriverVersion: 70.0.3538.16 (16ed95b41bb05..., userDataDir: C:\Users\maria\AppData\Loca...}, cssSelectorsEnabled: true, databaseEnabled: false, goog:chromeOptions: {debuggerAddress: localhost:55041}, handlesAlerts: true, hasTouchScreen: false, javascriptEnabled: true, locationContextEnabled: true, mobileEmulationEnabled: false, nativeEvents: true, networkConnectionEnabled: false, pageLoadStrategy: normal, platform: XP, platformName: XP, rotatable: false, setWindowRect: true, takesHeapSnapshot: true, takesScreenshot: true, unexpectedAlertBehaviour: , unhandledPromptBehavior: , version: 71.0.3578.98, webStorageEnabled: true}
Session ID: ba5d73313aff5191030783a3b529ad61
*** Element info: {Using=link text, value=Noticias}]]>
            </message>
            <full-stacktrace>
              <![CDATA[org.openqa.selenium.NoSuchElementException: no such element: Unable to locate element: {"method":"link text","selector":"Noticias"}
  (Session info: chrome=71.0.3578.98)
  (Driver info: chromedriver=70.0.3538.16 (16ed95b41bb05e565b11fb66ac33c660b721f778),platform=Windows NT 10.0.17134 x86_64) (WARNING: The server did not provide any stacktrace information)
Command duration or timeout: 0 milliseconds
For documentation on this error, please visit: http://seleniumhq.org/exceptions/no_such_element.html
Build info: version: '3.14.0', revision: 'aacccce0', time: '2018-08-02T20:19:58.91Z'
System info: host: 'DESKTOP-18CQLR4', ip: '192.168.0.109', os.name: 'Windows 10', os.arch: 'amd64', os.version: '10.0', java.version: '1.8.0_171'
Driver info: org.openqa.selenium.chrome.ChromeDriver
Capabilities {acceptInsecureCerts: false, acceptSslCerts: false, applicationCacheEnabled: false, browserConnectionEnabled: false, browserName: chrome, chrome: {chromedriverVersion: 70.0.3538.16 (16ed95b41bb05..., userDataDir: C:\Users\maria\AppData\Loca...}, cssSelectorsEnabled: true, databaseEnabled: false, goog:chromeOptions: {debuggerAddress: localhost:55041}, handlesAlerts: true, hasTouchScreen: false, javascriptEnabled: true, locationContextEnabled: true, mobileEmulationEnabled: false, nativeEvents: true, networkConnectionEnabled: false, pageLoadStrategy: normal, platform: XP, platformName: XP, rotatable: false, setWindowRect: true, takesHeapSnapshot: true, takesScreenshot: true, unexpectedAlertBehaviour: , unhandledPromptBehavior: , version: 71.0.3578.98, webStorageEnabled: true}
Session ID: ba5d73313aff5191030783a3b529ad61
*** Element info: {Using=link text, value=Noticias}
	at sun.reflect.NativeConstructorAccessorImpl.newInstance0(Native Method)
	at sun.reflect.NativeConstructorAccessorImpl.newInstance(NativeConstructorAccessorImpl.java:62)
	at sun.reflect.DelegatingConstructorAccessorImpl.newInstance(DelegatingConstructorAccessorImpl.java:45)
	at java.lang.reflect.Constructor.newInstance(Constructor.java:423)
	at org.openqa.selenium.remote.ErrorHandler.createThrowable(ErrorHandler.java:214)
	at org.openqa.selenium.remote.ErrorHandler.throwIfResponseFailed(ErrorHandler.java:166)
	at org.openqa.selenium.remote.http.JsonHttpResponseCodec.reconstructValue(JsonHttpResponseCodec.java:40)
	at org.openqa.selenium.remote.http.AbstractHttpResponseCodec.decode(AbstractHttpResponseCodec.java:80)
	at org.openqa.selenium.remote.http.AbstractHttpResponseCodec.decode(AbstractHttpResponseCodec.java:44)
	at org.openqa.selenium.remote.HttpCommandExecutor.execute(HttpCommandExecutor.java:158)
	at org.openqa.selenium.remote.service.DriverCommandExecutor.execute(DriverCommandExecutor.java:83)
	at org.openqa.selenium.remote.RemoteWebDriver.execute(RemoteWebDriver.java:548)
	at org.openqa.selenium.remote.RemoteWebDriver.findElement(RemoteWebDriver.java:322)
	at org.openqa.selenium.remote.RemoteWebDriver.findElementByLinkText(RemoteWebDriver.java:376)
	at org.openqa.selenium.By$ByLinkText.findElement(By.java:220)
	at org.openqa.selenium.remote.RemoteWebDriver.findElement(RemoteWebDriver.java:314)
	at org.openqa.selenium.support.pagefactory.DefaultElementLocator.findElement(DefaultElementLocator.java:69)
	at org.openqa.selenium.support.pagefactory.internal.LocatingElementHandler.invoke(LocatingElementHandler.java:38)
	at com.sun.proxy.$Proxy11.click(Unknown Source)
	at pages.HomePage.clickNewsButton(HomePage.java:68)
	at infoColeTest.ComentarioTest.editNews(ComentarioTest.java:170)
	at sun.reflect.NativeMethodAccessorImpl.invoke0(Native Method)
	at sun.reflect.NativeMethodAccessorImpl.invoke(NativeMethodAccessorImpl.java:62)
	at sun.reflect.DelegatingMethodAccessorImpl.invoke(DelegatingMethodAccessorImpl.java:43)
	at java.lang.reflect.Method.invoke(Method.java:498)
	at org.testng.internal.MethodInvocationHelper.invokeMethod(MethodInvocationHelper.java:108)
	at org.testng.internal.Invoker.invokeMethod(Invoker.java:661)
	at org.testng.internal.Invoker.invokeTestMethod(Invoker.java:869)
	at org.testng.internal.Invoker.invokeTestMethods(Invoker.java:1193)
	at org.testng.internal.TestMethodWorker.invokeTestMethods(TestMethodWorker.java:126)
	at org.testng.internal.TestMethodWorker.run(TestMethodWorker.java:109)
	at java.util.concurrent.ThreadPoolExecutor.runWorker(ThreadPoolExecutor.java:1149)
	at java.util.concurrent.ThreadPoolExecutor$Worker.run(ThreadPoolExecutor.java:624)
	at java.lang.Thread.run(Thread.java:748)
]]>
            </full-stacktrace>
          </exception> <!-- org.openqa.selenium.NoSuchElementException -->
          <reporter-output>
          </reporter-output>
        </test-method> <!-- editNews -->
        <test-method status="PASS" signature="cerrarNavegador()[pri:0, instance:infoColeTest.ComentarioTest@3e6fa38a]" name="cerrarNavegador" is-config="true" duration-ms="34737" started-at="2018-12-17T17:45:09Z" finished-at="2018-12-17T17:45:44Z">
          <reporter-output>
          </reporter-output>
        </test-method> <!-- cerrarNavegador -->
      </class> <!-- infoColeTest.ComentarioTest -->
    </test> <!-- ChromeTest -->
    <test name="FirefoxTest" duration-ms="837045" started-at="2018-12-17T20:45:44Z" finished-at="2018-12-17T20:59:41Z">
      <class name="infoColeTest.ComentarioTest">
        <test-method status="PASS" signature="getDriver()[pri:0, instance:infoColeTest.ComentarioTest@6eebc39e]" name="getDriver" is-config="true" duration-ms="5953" started-at="2018-12-17T17:29:34Z" finished-at="2018-12-17T17:29:40Z">
          <reporter-output>
          </reporter-output>
        </test-method> <!-- getDriver -->
        <test-method status="PASS" signature="openBrowser(java.lang.String)[pri:0, instance:infoColeTest.ComentarioTest@6eebc39e]" name="openBrowser" is-config="true" duration-ms="88200" started-at="2018-12-17T17:45:44Z" finished-at="2018-12-17T17:47:12Z">
          <params>
            <param index="0">
              <value>
                <![CDATA[Firefox]]>
              </value>
            </param>
          </params>
          <reporter-output>
          </reporter-output>
        </test-method> <!-- openBrowser -->
        <test-method status="PASS" signature="authenticationAdmin()[pri:0, instance:infoColeTest.ComentarioTest@6eebc39e]" name="authenticationAdmin" duration-ms="10205" started-at="2018-12-17T17:47:12Z" finished-at="2018-12-17T17:47:23Z">
          <reporter-output>
          </reporter-output>
        </test-method> <!-- authenticationAdmin -->
        <test-method status="PASS" signature="cerrarNavegador()[pri:0, instance:infoColeTest.ComentarioTest@6eebc39e]" name="cerrarNavegador" is-config="true" duration-ms="3062" started-at="2018-12-17T17:47:23Z" finished-at="2018-12-17T17:47:26Z">
          <reporter-output>
          </reporter-output>
        </test-method> <!-- cerrarNavegador -->
        <test-method status="PASS" signature="openBrowser(java.lang.String)[pri:0, instance:infoColeTest.ComentarioTest@6eebc39e]" name="openBrowser" is-config="true" duration-ms="65881" started-at="2018-12-17T17:47:26Z" finished-at="2018-12-17T17:48:32Z">
          <params>
            <param index="0">
              <value>
                <![CDATA[Firefox]]>
              </value>
            </param>
          </params>
          <reporter-output>
          </reporter-output>
        </test-method> <!-- openBrowser -->
        <test-method status="PASS" signature="authenticationUser()[pri:0, instance:infoColeTest.ComentarioTest@6eebc39e]" name="authenticationUser" duration-ms="9578" started-at="2018-12-17T17:48:32Z" finished-at="2018-12-17T17:48:41Z">
          <reporter-output>
          </reporter-output>
        </test-method> <!-- authenticationUser -->
        <test-method status="PASS" signature="cerrarNavegador()[pri:0, instance:infoColeTest.ComentarioTest@6eebc39e]" name="cerrarNavegador" is-config="true" duration-ms="2670" started-at="2018-12-17T17:48:41Z" finished-at="2018-12-17T17:48:44Z">
          <reporter-output>
          </reporter-output>
        </test-method> <!-- cerrarNavegador -->
        <test-method status="PASS" signature="openBrowser(java.lang.String)[pri:0, instance:infoColeTest.ComentarioTest@6eebc39e]" name="openBrowser" is-config="true" duration-ms="62433" started-at="2018-12-17T17:48:44Z" finished-at="2018-12-17T17:49:46Z">
          <params>
            <param index="0">
              <value>
                <![CDATA[Firefox]]>
              </value>
            </param>
          </params>
          <reporter-output>
          </reporter-output>
        </test-method> <!-- openBrowser -->
        <test-method status="PASS" signature="authenticationUserWithoutEmail()[pri:0, instance:infoColeTest.ComentarioTest@6eebc39e]" name="authenticationUserWithoutEmail" duration-ms="2799" started-at="2018-12-17T17:49:46Z" finished-at="2018-12-17T17:49:49Z">
          <reporter-output>
          </reporter-output>
        </test-method> <!-- authenticationUserWithoutEmail -->
        <test-method status="PASS" signature="cerrarNavegador()[pri:0, instance:infoColeTest.ComentarioTest@6eebc39e]" name="cerrarNavegador" is-config="true" duration-ms="2468" started-at="2018-12-17T17:49:49Z" finished-at="2018-12-17T17:49:52Z">
          <reporter-output>
          </reporter-output>
        </test-method> <!-- cerrarNavegador -->
        <test-method status="PASS" signature="openBrowser(java.lang.String)[pri:0, instance:infoColeTest.ComentarioTest@6eebc39e]" name="openBrowser" is-config="true" duration-ms="104076" started-at="2018-12-17T17:49:52Z" finished-at="2018-12-17T17:51:36Z">
          <params>
            <param index="0">
              <value>
                <![CDATA[Firefox]]>
              </value>
            </param>
          </params>
          <reporter-output>
          </reporter-output>
        </test-method> <!-- openBrowser -->
        <test-method status="PASS" signature="authenticationUserWithoutUserName()[pri:0, instance:infoColeTest.ComentarioTest@6eebc39e]" name="authenticationUserWithoutUserName" duration-ms="2736" started-at="2018-12-17T17:51:36Z" finished-at="2018-12-17T17:51:38Z">
          <reporter-output>
          </reporter-output>
        </test-method> <!-- authenticationUserWithoutUserName -->
        <test-method status="PASS" signature="cerrarNavegador()[pri:0, instance:infoColeTest.ComentarioTest@6eebc39e]" name="cerrarNavegador" is-config="true" duration-ms="2559" started-at="2018-12-17T17:51:38Z" finished-at="2018-12-17T17:51:41Z">
          <reporter-output>
          </reporter-output>
        </test-method> <!-- cerrarNavegador -->
        <test-method status="PASS" signature="openBrowser(java.lang.String)[pri:0, instance:infoColeTest.ComentarioTest@6eebc39e]" name="openBrowser" is-config="true" duration-ms="62909" started-at="2018-12-17T17:51:41Z" finished-at="2018-12-17T17:52:44Z">
          <params>
            <param index="0">
              <value>
                <![CDATA[Firefox]]>
              </value>
            </param>
          </params>
          <reporter-output>
          </reporter-output>
        </test-method> <!-- openBrowser -->
        <test-method status="PASS" signature="createNews()[pri:0, instance:infoColeTest.ComentarioTest@6eebc39e]" name="createNews" duration-ms="15639" started-at="2018-12-17T17:52:44Z" depends-on-methods="infoColeTest.ComentarioTest.authenticationAdmin" finished-at="2018-12-17T17:52:59Z">
          <reporter-output>
          </reporter-output>
        </test-method> <!-- createNews -->
        <test-method status="PASS" signature="cerrarNavegador()[pri:0, instance:infoColeTest.ComentarioTest@6eebc39e]" name="cerrarNavegador" is-config="true" duration-ms="3004" started-at="2018-12-17T17:52:59Z" finished-at="2018-12-17T17:53:02Z">
          <reporter-output>
          </reporter-output>
        </test-method> <!-- cerrarNavegador -->
        <test-method status="PASS" signature="openBrowser(java.lang.String)[pri:0, instance:infoColeTest.ComentarioTest@6eebc39e]" name="openBrowser" is-config="true" duration-ms="55904" started-at="2018-12-17T17:53:02Z" finished-at="2018-12-17T17:53:58Z">
          <params>
            <param index="0">
              <value>
                <![CDATA[Firefox]]>
              </value>
            </param>
          </params>
          <reporter-output>
          </reporter-output>
        </test-method> <!-- openBrowser -->
        <test-method status="PASS" signature="deleteUser()[pri:0, instance:infoColeTest.ComentarioTest@6eebc39e]" name="deleteUser" duration-ms="6803" started-at="2018-12-17T17:53:58Z" depends-on-methods="infoColeTest.ComentarioTest.authenticationAdmin" finished-at="2018-12-17T17:54:05Z">
          <reporter-output>
          </reporter-output>
        </test-method> <!-- deleteUser -->
        <test-method status="PASS" signature="cerrarNavegador()[pri:0, instance:infoColeTest.ComentarioTest@6eebc39e]" name="cerrarNavegador" is-config="true" duration-ms="2501" started-at="2018-12-17T17:54:05Z" finished-at="2018-12-17T17:54:08Z">
          <reporter-output>
          </reporter-output>
        </test-method> <!-- cerrarNavegador -->
        <test-method status="PASS" signature="openBrowser(java.lang.String)[pri:0, instance:infoColeTest.ComentarioTest@6eebc39e]" name="openBrowser" is-config="true" duration-ms="69172" started-at="2018-12-17T17:54:08Z" finished-at="2018-12-17T17:55:17Z">
          <params>
            <param index="0">
              <value>
                <![CDATA[Firefox]]>
              </value>
            </param>
          </params>
          <reporter-output>
          </reporter-output>
        </test-method> <!-- openBrowser -->
        <test-method status="PASS" signature="createComments()[pri:0, instance:infoColeTest.ComentarioTest@6eebc39e]" name="createComments" duration-ms="13887" started-at="2018-12-17T17:55:17Z" depends-on-methods="infoColeTest.ComentarioTest.authenticationUser" finished-at="2018-12-17T17:55:31Z">
          <reporter-output>
          </reporter-output>
        </test-method> <!-- createComments -->
        <test-method status="PASS" signature="cerrarNavegador()[pri:0, instance:infoColeTest.ComentarioTest@6eebc39e]" name="cerrarNavegador" is-config="true" duration-ms="2692" started-at="2018-12-17T17:55:31Z" finished-at="2018-12-17T17:55:33Z">
          <reporter-output>
          </reporter-output>
        </test-method> <!-- cerrarNavegador -->
        <test-method status="PASS" signature="openBrowser(java.lang.String)[pri:0, instance:infoColeTest.ComentarioTest@6eebc39e]" name="openBrowser" is-config="true" duration-ms="71639" started-at="2018-12-17T17:55:33Z" finished-at="2018-12-17T17:56:45Z">
          <params>
            <param index="0">
              <value>
                <![CDATA[Firefox]]>
              </value>
            </param>
          </params>
          <reporter-output>
          </reporter-output>
        </test-method> <!-- openBrowser -->
        <test-method status="FAIL" signature="deleteComment()[pri:0, instance:infoColeTest.ComentarioTest@6eebc39e]" name="deleteComment" duration-ms="7877" started-at="2018-12-17T17:56:45Z" depends-on-methods="infoColeTest.ComentarioTest.createComments" finished-at="2018-12-17T17:56:53Z">
          <exception class="java.lang.AssertionError">
            <message>
              <![CDATA[expected [usuario6VDy comentario de prueba Editado] but found [usuario6VDy comentario de prueba]]]>
            </message>
            <full-stacktrace>
              <![CDATA[java.lang.AssertionError: expected [usuario6VDy comentario de prueba Editado] but found [usuario6VDy comentario de prueba]
	at org.testng.Assert.fail(Assert.java:93)
	at org.testng.Assert.failNotEquals(Assert.java:512)
	at org.testng.Assert.assertEqualsImpl(Assert.java:134)
	at org.testng.Assert.assertEquals(Assert.java:115)
	at org.testng.Assert.assertEquals(Assert.java:189)
	at org.testng.Assert.assertEquals(Assert.java:199)
	at infoColeTest.ComentarioTest.deleteComment(ComentarioTest.java:113)
	at sun.reflect.NativeMethodAccessorImpl.invoke0(Native Method)
	at sun.reflect.NativeMethodAccessorImpl.invoke(NativeMethodAccessorImpl.java:62)
	at sun.reflect.DelegatingMethodAccessorImpl.invoke(DelegatingMethodAccessorImpl.java:43)
	at java.lang.reflect.Method.invoke(Method.java:498)
	at org.testng.internal.MethodInvocationHelper.invokeMethod(MethodInvocationHelper.java:108)
	at org.testng.internal.Invoker.invokeMethod(Invoker.java:661)
	at org.testng.internal.Invoker.invokeTestMethod(Invoker.java:869)
	at org.testng.internal.Invoker.invokeTestMethods(Invoker.java:1193)
	at org.testng.internal.TestMethodWorker.invokeTestMethods(TestMethodWorker.java:126)
	at org.testng.internal.TestMethodWorker.run(TestMethodWorker.java:109)
	at java.util.concurrent.ThreadPoolExecutor.runWorker(ThreadPoolExecutor.java:1149)
	at java.util.concurrent.ThreadPoolExecutor$Worker.run(ThreadPoolExecutor.java:624)
	at java.lang.Thread.run(Thread.java:748)
]]>
            </full-stacktrace>
          </exception> <!-- java.lang.AssertionError -->
          <reporter-output>
          </reporter-output>
        </test-method> <!-- deleteComment -->
        <test-method status="PASS" signature="cerrarNavegador()[pri:0, instance:infoColeTest.ComentarioTest@6eebc39e]" name="cerrarNavegador" is-config="true" duration-ms="2355" started-at="2018-12-17T17:56:53Z" finished-at="2018-12-17T17:56:55Z">
          <reporter-output>
          </reporter-output>
        </test-method> <!-- cerrarNavegador -->
        <test-method status="PASS" signature="openBrowser(java.lang.String)[pri:0, instance:infoColeTest.ComentarioTest@6eebc39e]" name="openBrowser" is-config="true" duration-ms="65018" started-at="2018-12-17T17:56:55Z" finished-at="2018-12-17T17:58:00Z">
          <params>
            <param index="0">
              <value>
                <![CDATA[Firefox]]>
              </value>
            </param>
          </params>
          <reporter-output>
          </reporter-output>
        </test-method> <!-- openBrowser -->
        <test-method status="PASS" signature="editComment()[pri:0, instance:infoColeTest.ComentarioTest@6eebc39e]" name="editComment" duration-ms="14583" started-at="2018-12-17T17:58:00Z" depends-on-methods="infoColeTest.ComentarioTest.createComments" finished-at="2018-12-17T17:58:15Z">
          <reporter-output>
          </reporter-output>
        </test-method> <!-- editComment -->
        <test-method status="PASS" signature="cerrarNavegador()[pri:0, instance:infoColeTest.ComentarioTest@6eebc39e]" name="cerrarNavegador" is-config="true" duration-ms="3378" started-at="2018-12-17T17:58:15Z" finished-at="2018-12-17T17:58:18Z">
          <reporter-output>
          </reporter-output>
        </test-method> <!-- cerrarNavegador -->
        <test-method status="PASS" signature="openBrowser(java.lang.String)[pri:0, instance:infoColeTest.ComentarioTest@6eebc39e]" name="openBrowser" is-config="true" duration-ms="65359" started-at="2018-12-17T17:58:18Z" finished-at="2018-12-17T17:59:24Z">
          <params>
            <param index="0">
              <value>
                <![CDATA[Firefox]]>
              </value>
            </param>
          </params>
          <reporter-output>
          </reporter-output>
        </test-method> <!-- openBrowser -->
        <test-method status="PASS" signature="editNews()[pri:0, instance:infoColeTest.ComentarioTest@6eebc39e]" name="editNews" duration-ms="15314" started-at="2018-12-17T17:59:24Z" depends-on-methods="infoColeTest.ComentarioTest.createNews" finished-at="2018-12-17T17:59:39Z">
          <reporter-output>
          </reporter-output>
        </test-method> <!-- editNews -->
        <test-method status="PASS" signature="cerrarNavegador()[pri:0, instance:infoColeTest.ComentarioTest@6eebc39e]" name="cerrarNavegador" is-config="true" duration-ms="2273" started-at="2018-12-17T17:59:39Z" finished-at="2018-12-17T17:59:41Z">
          <reporter-output>
          </reporter-output>
        </test-method> <!-- cerrarNavegador -->
      </class> <!-- infoColeTest.ComentarioTest -->
    </test> <!-- FirefoxTest -->
  </suite> <!-- TestSuite -->
</testng-results>
